This file contains any messages produced by compilers while
running configure, to aid debugging if configure makes a mistake.

It was created by apertium-bn-en configure 0.1, which was
generated by GNU Autoconf 2.61.  Invocation command line was

  $ ./configure 

## --------- ##
## Platform. ##
## --------- ##

hostname = ubuntu
uname -m = i686
uname -r = 2.6.27-7-generic
uname -s = Linux
uname -v = #1 SMP Fri Oct 24 06:42:44 UTC 2008

/usr/bin/uname -p = unknown
/bin/uname -X     = unknown

/bin/arch              = unknown
/usr/bin/arch -k       = unknown
/usr/convex/getsysinfo = unknown
/usr/bin/hostinfo      = unknown
/bin/machine           = unknown
/usr/bin/oslevel       = unknown
/bin/universe          = unknown

PATH: /usr/local/sbin
PATH: /usr/local/bin
PATH: /usr/sbin
PATH: /usr/bin
PATH: /sbin
PATH: /bin
PATH: /usr/games


## ----------- ##
## Core tests. ##
## ----------- ##

configure:1710: checking for a BSD-compatible install
configure:1766: result: /usr/bin/install -c
configure:1777: checking whether build environment is sane
configure:1820: result: yes
configure:1848: checking for a thread-safe mkdir -p
configure:1887: result: /bin/mkdir -p
configure:1900: checking for gawk
configure:1916: found /usr/bin/gawk
configure:1927: result: gawk
configure:1938: checking whether make sets $(MAKE)
configure:1959: result: yes
configure:2138: checking whether ln -s works
configure:2142: result: yes
configure:2153: checking for gawk
configure:2180: result: gawk
configure:2245: checking for pkg-config
configure:2263: found /usr/bin/pkg-config
configure:2275: result: /usr/bin/pkg-config
configure:2304: checking pkg-config is at least version 0.9.0
configure:2307: result: yes
configure:2320: checking for APERTIUM
configure:2328: $PKG_CONFIG --exists --print-errors "apertium-3.0 >= 3.0.0"
configure:2331: $? = 0
configure:2346: $PKG_CONFIG --exists --print-errors "apertium-3.0 >= 3.0.0"
configure:2349: $? = 0
configure:2611: result: yes
configure:2723: creating ./config.status

## ---------------------- ##
## Running config.status. ##
## ---------------------- ##

This file was extended by apertium-bn-en config.status 0.1, which was
generated by GNU Autoconf 2.61.  Invocation command line was

  CONFIG_FILES    = 
  CONFIG_HEADERS  = 
  CONFIG_LINKS    = 
  CONFIG_COMMANDS = 
  $ ./config.status 

on ubuntu

config.status:610: creating Makefile
config.status:610: creating config
config.status:824: config is unchanged

## ---------------- ##
## Cache variables. ##
## ---------------- ##

ac_cv_env_APERTIUM_CFLAGS_set=
ac_cv_env_APERTIUM_CFLAGS_value=
ac_cv_env_APERTIUM_LIBS_set=
ac_cv_env_APERTIUM_LIBS_value=
ac_cv_env_PKG_CONFIG_set=
ac_cv_env_PKG_CONFIG_value=
ac_cv_env_build_alias_set=
ac_cv_env_build_alias_value=
ac_cv_env_host_alias_set=
ac_cv_env_host_alias_value=
ac_cv_env_target_alias_set=
ac_cv_env_target_alias_value=
ac_cv_path_ac_pt_PKG_CONFIG=/usr/bin/pkg-config
ac_cv_path_install='/usr/bin/install -c'
ac_cv_path_mkdir=/bin/mkdir
ac_cv_prog_AWK=gawk
ac_cv_prog_make_make_set=yes
pkg_cv_APERTIUM_CFLAGS='-I/usr/local/include/apertium-3.1 -I/usr/local/lib/apertium-3.1/include -I/usr/local/include/lttoolbox-3.1 -I/usr/local/lib/lttoolbox-3.1/include -I/usr/include/libxml2  '
pkg_cv_APERTIUM_LIBS='-L/usr/local/lib -lapertium3 -llttoolbox3 -lxml2 -lpcre  '

## ----------------- ##
## Output variables. ##
## ----------------- ##

ACLOCAL='${SHELL} /home/zaher/Desktop/ne-en/missing --run aclocal-1.10'
AMTAR='${SHELL} /home/zaher/Desktop/ne-en/missing --run tar'
APERTIUM_CFLAGS='-I/usr/local/include/apertium-3.1 -I/usr/local/lib/apertium-3.1/include -I/usr/local/include/lttoolbox-3.1 -I/usr/local/lib/lttoolbox-3.1/include -I/usr/include/libxml2  '
APERTIUM_LIBS='-L/usr/local/lib -lapertium3 -llttoolbox3 -lxml2 -lpcre  '
APERTIUM_VER='30'
AUTOCONF='${SHELL} /home/zaher/Desktop/ne-en/missing --run autoconf'
AUTOHEADER='${SHELL} /home/zaher/Desktop/ne-en/missing --run autoheader'
AUTOMAKE='${SHELL} /home/zaher/Desktop/ne-en/missing --run automake-1.10'
AWK='gawk'
CYGPATH_W='echo'
DEFS='-DHAVE_CONFIG_H'
ECHO_C=''
ECHO_N='-n'
ECHO_T=''
INSTALL_DATA='${INSTALL} -m 644'
INSTALL_PROGRAM='${INSTALL}'
INSTALL_SCRIPT='${INSTALL}'
INSTALL_STRIP_PROGRAM='$(install_sh) -c -s'
LIBOBJS=''
LIBS=''
LN_S='ln -s'
LTLIBOBJS=''
MAKEINFO='${SHELL} /home/zaher/Desktop/ne-en/missing --run makeinfo'
PACKAGE='apertium-bn-en'
PACKAGE_BUGREPORT='lkhatiwada@users.sourceforge.net'
PACKAGE_NAME='apertium-bn-en'
PACKAGE_STRING='apertium-bn-en 0.1'
PACKAGE_TARNAME='apertium-bn-en'
PACKAGE_VERSION='0.1'
PATH_SEPARATOR=':'
PKG_CONFIG='/usr/bin/pkg-config'
SET_MAKE=''
SHELL='/bin/bash'
STRIP=''
VERSION='0.1'
am__isrc=''
am__leading_dot='.'
am__tar='${AMTAR} chof - "$$tardir"'
am__untar='${AMTAR} xf -'
bindir='${exec_prefix}/bin'
build_alias=''
datadir='${datarootdir}'
datarootdir='${prefix}/share'
docdir='${datarootdir}/doc/${PACKAGE_TARNAME}'
dvidir='${docdir}'
exec_prefix='${prefix}'
host_alias=''
htmldir='${docdir}'
includedir='${prefix}/include'
infodir='${datarootdir}/info'
install_sh='$(SHELL) /home/zaher/Desktop/ne-en/install-sh'
libdir='${exec_prefix}/lib'
libexecdir='${exec_prefix}/libexec'
localedir='${datarootdir}/locale'
localstatedir='${prefix}/var'
mandir='${datarootdir}/man'
mkdir_p='/bin/mkdir -p'
oldincludedir='/usr/include'
pdfdir='${docdir}'
prefix='/usr/local'
program_transform_name='s,x,x,'
psdir='${docdir}'
sbindir='${exec_prefix}/sbin'
sharedstatedir='${prefix}/com'
sysconfdir='${prefix}/etc'
target_alias=''

## ----------- ##
## confdefs.h. ##
## ----------- ##

#define PACKAGE_NAME "apertium-bn-en"
#define PACKAGE_TARNAME "apertium-bn-en"
#define PACKAGE_VERSION "0.1"
#define PACKAGE_STRING "apertium-bn-en 0.1"
#define PACKAGE_BUGREPORT "lkhatiwada@users.sourceforge.net"

configure: exit 0
